<?xml version="1.0" encoding="UTF-8"?>
<testsuite name="com.example.session15bai4.Session15bai4ApplicationTests" tests="1" skipped="0" failures="0" errors="0" timestamp="2026-06-01T08:20:47.168Z" hostname="LAPTOP-64TSQMG3" time="14.511">
  <properties/>
  <testcase name="contextLoads()" classname="com.example.session15bai4.Session15bai4ApplicationTests" time="0.435"/>
  <system-out><![CDATA[15:20:47.321 [Test worker] INFO org.springframework.test.context.support.AnnotationConfigContextLoaderUtils -- Could not detect default configuration classes for test class [com.example.session15bai4.Session15bai4ApplicationTests]: Session15bai4ApplicationTests does not declare any static, non-private, non-final, nested classes annotated with @Configuration.
15:20:47.404 [Test worker] INFO org.springframework.boot.test.context.SpringBootTestContextBootstrapper -- Found @SpringBootConfiguration com.example.session15bai4.Session15bai4Application for test class com.example.session15bai4.Session15bai4ApplicationTests
15:20:47.488 [Test worker] INFO org.springframework.test.context.support.AnnotationConfigContextLoaderUtils -- Could not detect default configuration classes for test class [com.example.session15bai4.Session15bai4ApplicationTests]: Session15bai4ApplicationTests does not declare any static, non-private, non-final, nested classes annotated with @Configuration.
15:20:47.489 [Test worker] INFO org.springframework.boot.test.context.SpringBootTestContextBootstrapper -- Found @SpringBootConfiguration com.example.session15bai4.Session15bai4Application for test class com.example.session15bai4.Session15bai4ApplicationTests

  .   ____          _            __ _ _
 /\\ / ___'_ __ _ _(_)_ __  __ _ \ \ \ \
( ( )\___ | '_ | '_| | '_ \/ _` | \ \ \ \
 \\/  ___)| |_)| | | | | || (_| |  ) ) ) )
  '  |____| .__|_| |_|_| |_\__, | / / / /
 =========|_|==============|___/=/_/_/_/

 :: Spring Boot ::                (v4.0.6)

2026-06-01T15:20:47.769+07:00  INFO 2488 --- [session15bai4] [    Test worker] c.e.s.Session15bai4ApplicationTests      : Starting Session15bai4ApplicationTests using Java 17.0.18 with PID 2488 (started by Quyet in E:\JavaWebService\session15bai4)
2026-06-01T15:20:47.771+07:00  INFO 2488 --- [session15bai4] [    Test worker] c.e.s.Session15bai4ApplicationTests      : No active profile set, falling back to 1 default profile: "default"
2026-06-01T15:20:48.320+07:00  INFO 2488 --- [session15bai4] [    Test worker] .s.d.r.c.RepositoryConfigurationDelegate : Bootstrapping Spring Data JPA repositories in DEFAULT mode.
2026-06-01T15:20:48.371+07:00  INFO 2488 --- [session15bai4] [    Test worker] .s.d.r.c.RepositoryConfigurationDelegate : Finished Spring Data repository scanning in 42 ms. Found 2 JPA repository interfaces.
2026-06-01T15:20:48.808+07:00  INFO 2488 --- [session15bai4] [    Test worker] org.hibernate.orm.jpa                    : HHH008540: Processing PersistenceUnitInfo [name: default]
2026-06-01T15:20:48.885+07:00  INFO 2488 --- [session15bai4] [    Test worker] org.hibernate.orm.core                   : HHH000001: Hibernate ORM core version 7.2.12.Final
2026-06-01T15:20:49.338+07:00  INFO 2488 --- [session15bai4] [    Test worker] o.s.o.j.p.SpringPersistenceUnitInfo      : No LoadTimeWeaver setup: ignoring JPA class transformer
2026-06-01T15:20:49.379+07:00  INFO 2488 --- [session15bai4] [    Test worker] com.zaxxer.hikari.HikariDataSource       : HikariPool-1 - Starting...
2026-06-01T15:20:49.814+07:00  INFO 2488 --- [session15bai4] [    Test worker] com.zaxxer.hikari.pool.HikariPool        : HikariPool-1 - Added connection conn0: url=jdbc:h2:mem:edulibrary user=SA
2026-06-01T15:20:49.816+07:00  INFO 2488 --- [session15bai4] [    Test worker] com.zaxxer.hikari.HikariDataSource       : HikariPool-1 - Start completed.
2026-06-01T15:20:49.871+07:00  INFO 2488 --- [session15bai4] [    Test worker] org.hibernate.orm.connections.pooling    : HHH10001005: Database info:
	Database JDBC URL [jdbc:h2:mem:edulibrary]
	Database driver: H2 JDBC Driver
	Database dialect: H2Dialect
	Database version: 2.4.240
	Default catalog/schema: EDULIBRARY/PUBLIC
	Autocommit mode: undefined/unknown
	Isolation level: READ_COMMITTED [default READ_COMMITTED]
	JDBC fetch size: 100
	Pool: DataSourceConnectionProvider
	Minimum pool size: undefined/unknown
	Maximum pool size: undefined/unknown
2026-06-01T15:20:58.919+07:00  INFO 2488 --- [session15bai4] [    Test worker] org.hibernate.orm.core                   : HHH000489: No JTA platform available (set 'hibernate.transaction.jta.platform' to enable JTA platform integration)
Hibernate: drop table if exists roles cascade 
Hibernate: drop table if exists user_roles cascade 
Hibernate: drop table if exists users cascade 
Hibernate: create table roles (id bigint generated by default as identity, name varchar(50) not null unique, primary key (id))
Hibernate: create table user_roles (role_id bigint not null, user_id bigint not null, primary key (role_id, user_id))
Hibernate: create table users (id bigint generated by default as identity, username varchar(100) not null unique, password varchar(255) not null, primary key (id))
Hibernate: alter table if exists user_roles add constraint FKh8ciramu9cc9q3qcqiv4ue8a6 foreign key (role_id) references roles
Hibernate: alter table if exists user_roles add constraint FKhfh9dx7w3ubf1co1vdev94g3f foreign key (user_id) references users
2026-06-01T15:20:58.967+07:00  INFO 2488 --- [session15bai4] [    Test worker] j.LocalContainerEntityManagerFactoryBean : Initialized JPA EntityManagerFactory for persistence unit 'default'
2026-06-01T15:20:59.051+07:00  INFO 2488 --- [session15bai4] [    Test worker] o.s.d.j.r.query.QueryEnhancerFactories   : Hibernate is in classpath; If applicable, HQL parser will be used.
2026-06-01T15:20:59.454+07:00  WARN 2488 --- [session15bai4] [    Test worker] JpaBaseConfiguration$JpaWebConfiguration : spring.jpa.open-in-view is enabled by default. Therefore, database queries may be performed during view rendering. Explicitly configure spring.jpa.open-in-view to disable this warning
2026-06-01T15:20:59.616+07:00  INFO 2488 --- [session15bai4] [    Test worker] r$InitializeUserDetailsManagerConfigurer : Global AuthenticationManager configured with UserDetailsService bean with name customUserDetailsService
2026-06-01T15:21:00.399+07:00  INFO 2488 --- [session15bai4] [    Test worker] c.e.s.Session15bai4ApplicationTests      : Started Session15bai4ApplicationTests in 12.843 seconds (process running for 14.72)
Hibernate: select r1_0.id,r1_0.name from roles r1_0 where r1_0.name=?
Hibernate: insert into roles (name,id) values (?,default)
Hibernate: select r1_0.id,r1_0.name from roles r1_0 where r1_0.name=?
Hibernate: insert into roles (name,id) values (?,default)
Hibernate: select r1_0.id,r1_0.name from roles r1_0 where r1_0.name=?
Hibernate: insert into roles (name,id) values (?,default)
Hibernate: select u1_0.id from users u1_0 where u1_0.username=? fetch first ? rows only
Hibernate: insert into users (password,username,id) values (?,?,default)
Hibernate: select u1_0.id from users u1_0 where u1_0.username=? fetch first ? rows only
Hibernate: insert into users (password,username,id) values (?,?,default)
Hibernate: select u1_0.id from users u1_0 where u1_0.username=? fetch first ? rows only
Hibernate: insert into users (password,username,id) values (?,?,default)
Hibernate: insert into user_roles (user_id,role_id) values (?,?)
Hibernate: insert into user_roles (user_id,role_id) values (?,?)
Hibernate: insert into user_roles (user_id,role_id) values (?,?)
Hibernate: insert into user_roles (user_id,role_id) values (?,?)
Hibernate: insert into user_roles (user_id,role_id) values (?,?)
Hibernate: insert into user_roles (user_id,role_id) values (?,?)
]]></system-out>
  <system-err><![CDATA[]]></system-err>
</testsuite>
